<?xml version="1.0" encoding="UTF-8"?>
<!-- Generated by org.testng.reporters.JUnitReportReporter -->
<testsuite hostname="DESKTOP-KMOGL3M" failures="0" tests="2" name="FinalCalls.FirstTest" time="6.224" errors="0" timestamp="2024-10-16T15:55:21 IST" skipped="0">
  <testcase classname="FinalCalls.FirstTest" name="intializeDriver" time="5.724"/>
  <testcase classname="FinalCalls.FirstTest" name="LoginPage" time="0.500"/>
</testsuite> <!-- FinalCalls.FirstTest -->
