<?xml version="1.0" encoding="UTF-8"?>
<!-- Generated by org.testng.reporters.JUnitReportReporter -->
<testsuite hostname="DESKTOP-KMOGL3M" failures="0" tests="3" name="FinalCalls.ResourceCreationFinalCall" time="55.730" errors="0" timestamp="2024-10-23T10:53:51 IST" skipped="0">
  <testcase classname="FinalCalls.ResourceCreationFinalCall" name="LoginPage" time="6.707"/>
  <testcase classname="FinalCalls.ResourceCreationFinalCall" name="Home" time="18.361"/>
  <testcase classname="FinalCalls.ResourceCreationFinalCall" name="CreateNew" time="30.662"/>
</testsuite> <!-- FinalCalls.ResourceCreationFinalCall -->
